<?xml version="1.0" encoding="UTF-8"?>
<testsuite xmlns:xsi="http://www.w3.org/2001/XMLSchema-instance" xsi:noNamespaceSchemaLocation="https://maven.apache.org/surefire/maven-surefire-plugin/xsd/surefire-test-report.xsd" name="epf.AppTest" time="0.046" tests="1" errors="0" skipped="0" failures="0">
  <properties>
    <property name="java.specification.version" value="15"/>
    <property name="sun.cpu.isalist" value="amd64"/>
    <property name="sun.jnu.encoding" value="Cp1252"/>
    <property name="java.class.path" value="C:\Users\Fabien\Documents\4A_EPF\rentmanager\rentmanager\target\test-classes;C:\Users\Fabien\Documents\4A_EPF\rentmanager\rentmanager\target\classes;C:\Users\Fabien\.m2\repository\junit\junit\4.11\junit-4.11.jar;C:\Users\Fabien\.m2\repository\org\hamcrest\hamcrest-core\1.3\hamcrest-core-1.3.jar;C:\Users\Fabien\.m2\repository\com\h2database\h2\1.4.200\h2-1.4.200.jar;C:\Users\Fabien\.m2\repository\javax\servlet\javax.servlet-api\4.0.1\javax.servlet-api-4.0.1.jar;C:\Users\Fabien\.m2\repository\javax\annotation\javax.annotation-api\1.3.2\javax.annotation-api-1.3.2.jar;C:\Users\Fabien\.m2\repository\javax\servlet\jstl\1.2\jstl-1.2.jar;"/>
    <property name="java.vm.vendor" value="Oracle Corporation"/>
    <property name="sun.arch.data.model" value="64"/>
    <property name="user.variant" value=""/>
    <property name="java.vendor.url" value="https://java.oracle.com/"/>
    <property name="user.timezone" value="Europe/Paris"/>
    <property name="os.name" value="Windows 10"/>
    <property name="java.vm.specification.version" value="15"/>
    <property name="sun.java.launcher" value="SUN_STANDARD"/>
    <property name="user.country" value="FR"/>
    <property name="sun.boot.library.path" value="C:\Program Files\Java\jdk-15\bin"/>
    <property name="sun.java.command" value="C:\Users\Fabien\AppData\Local\Temp\surefire6609400831630492045\surefirebooter1484824068107703377.jar C:\Users\Fabien\AppData\Local\Temp\surefire6609400831630492045 2024-02-26T15-08-36_730-jvmRun1 surefire12761704090469624918tmp surefire_013189128950177102214tmp"/>
    <property name="jdk.debug" value="release"/>
    <property name="surefire.test.class.path" value="C:\Users\Fabien\Documents\4A_EPF\rentmanager\rentmanager\target\test-classes;C:\Users\Fabien\Documents\4A_EPF\rentmanager\rentmanager\target\classes;C:\Users\Fabien\.m2\repository\junit\junit\4.11\junit-4.11.jar;C:\Users\Fabien\.m2\repository\org\hamcrest\hamcrest-core\1.3\hamcrest-core-1.3.jar;C:\Users\Fabien\.m2\repository\com\h2database\h2\1.4.200\h2-1.4.200.jar;C:\Users\Fabien\.m2\repository\javax\servlet\javax.servlet-api\4.0.1\javax.servlet-api-4.0.1.jar;C:\Users\Fabien\.m2\repository\javax\annotation\javax.annotation-api\1.3.2\javax.annotation-api-1.3.2.jar;C:\Users\Fabien\.m2\repository\javax\servlet\jstl\1.2\jstl-1.2.jar;"/>
    <property name="sun.cpu.endian" value="little"/>
    <property name="user.home" value="C:\Users\Fabien"/>
    <property name="user.language" value="fr"/>
    <property name="java.specification.vendor" value="Oracle Corporation"/>
    <property name="java.version.date" value="2020-09-15"/>
    <property name="java.home" value="C:\Program Files\Java\jdk-15"/>
    <property name="file.separator" value="\"/>
    <property name="basedir" value="C:\Users\Fabien\Documents\4A_EPF\rentmanager\rentmanager"/>
    <property name="java.vm.compressedOopsMode" value="Zero based"/>
    <property name="line.separator" value="&#10;"/>
    <property name="java.vm.specification.vendor" value="Oracle Corporation"/>
    <property name="java.specification.name" value="Java Platform API Specification"/>
    <property name="surefire.real.class.path" value="C:\Users\Fabien\AppData\Local\Temp\surefire6609400831630492045\surefirebooter1484824068107703377.jar"/>
    <property name="user.script" value=""/>
    <property name="sun.management.compiler" value="HotSpot 64-Bit Tiered Compilers"/>
    <property name="java.runtime.version" value="15+36-1562"/>
    <property name="user.name" value="Fabien"/>
    <property name="path.separator" value=";"/>
    <property name="os.version" value="10.0"/>
    <property name="java.runtime.name" value="Java(TM) SE Runtime Environment"/>
    <property name="file.encoding" value="Cp1252"/>
    <property name="java.vm.name" value="Java HotSpot(TM) 64-Bit Server VM"/>
    <property name="localRepository" value="C:\Users\Fabien\.m2\repository"/>
    <property name="java.vendor.url.bug" value="https://bugreport.java.com/bugreport/"/>
    <property name="java.io.tmpdir" value="C:\Users\Fabien\AppData\Local\Temp\"/>
    <property name="idea.version" value="2023.3.3"/>
    <property name="java.version" value="15"/>
    <property name="user.dir" value="C:\Users\Fabien\Documents\4A_EPF\rentmanager\rentmanager"/>
    <property name="os.arch" value="amd64"/>
    <property name="java.vm.specification.name" value="Java Virtual Machine Specification"/>
    <property name="sun.os.patch.level" value=""/>
    <property name="java.library.path" value="C:\Program Files\Java\jdk-15\bin;C:\WINDOWS\Sun\Java\bin;C:\WINDOWS\system32;C:\WINDOWS;C:\Program Files\Common Files\Oracle\Java\javapath;C:\WINDOWS\system32;C:\WINDOWS;C:\WINDOWS\System32\Wbem;C:\WINDOWS\System32\WindowsPowerShell\v1.0\;C:\WINDOWS\System32\OpenSSH\;C:\Program Files\MATLAB\R2020a\bin;C:\Program Files\MATLAB\R2019b\bin;C:\Program Files\PuTTY\;C:\Program Files\dotnet\;C:\Program Files\Microsoft SQL Server\150\Tools\Binn\;C:\Program Files\Microsoft SQL Server\Client SDK\ODBC\170\Tools\Binn\;C:\Program Files\Microsoft SQL Server\130\Tools\Binn\;C:\Program Files\nodejs\;C:\Program Files (x86)\Microsoft SQL Server\160\Tools\Binn\;C:\Program Files\Microsoft SQL Server\160\Tools\Binn\;C:\Program Files\Microsoft SQL Server\160\DTS\Binn\;C:\Program Files (x86)\Microsoft SQL Server\160\DTS\Binn\;C:\Program Files\Azure Data Studio\bin;C:\Program Files\Git\cmd;C:\Program Files\Go\bin;C:\Users\Fabien\AppData\Local\Microsoft\WindowsApps;;C:\Users\Fabien\.dotnet\tools;C:\Users\Fabien\AppData\Roaming\npm;C:\Program Files\Azure Data Studio\bin;C:\Users\Fabien\go\bin;C:\Users\Fabien\AppData\Local\Programs\Microsoft VS Code\bin;."/>
    <property name="java.vm.info" value="mixed mode, sharing"/>
    <property name="java.vendor" value="Oracle Corporation"/>
    <property name="java.vm.version" value="15+36-1562"/>
    <property name="sun.io.unicode.encoding" value="UnicodeLittle"/>
    <property name="java.class.version" value="59.0"/>
  </properties>
  <testcase name="shouldAnswerWithTrue" classname="epf.AppTest" time="0.001"/>
</testsuite>